<?xml version="1.0" encoding="UTF-8"?>
<testsuite name="LoginTest" tests="1" skipped="0" failures="0" errors="0" timestamp="2024-08-20T10:17:37" hostname="Tio-Hizbullah.local" time="93.616">
  <properties/>
  <testcase name="validLogin" classname="LoginTest" time="93.616"/>
  <system-out><![CDATA[]]></system-out>
  <system-err><![CDATA[]]></system-err>
</testsuite>
